Start testing: Feb 05 02:58 FLE Standard Time
----------------------------------------------------------
1/4 Testing: TensorTesting.SettingData
1/4 Test: TensorTesting.SettingData
Command: "D:/dev/MLL/build/bin/my_test.exe" "--gtest_filter=TensorTesting.SettingData" "--gtest_also_run_disabled_tests"
Directory: D:/dev/MLL/build/test
"TensorTesting.SettingData" start time: Feb 05 02:58 FLE Standard Time
Output:
----------------------------------------------------------
Running main() from D:\dev\MLL\external\googletest\googletest\src\gtest_main.cc
Note: Google Test filter = TensorTesting.SettingData
[==========] Running 1 test from 1 test suite.
[----------] Global test environment set-up.
[----------] 1 test from TensorTesting
[ RUN      ] TensorTesting.SettingData
[       OK ] TensorTesting.SettingData (0 ms)
[----------] 1 test from TensorTesting (0 ms total)

[----------] Global test environment tear-down
[==========] 1 test from 1 test suite ran. (0 ms total)
[  PASSED  ] 1 test.
<end of output>
Test time =   0.00 sec
----------------------------------------------------------
Test Passed.
"TensorTesting.SettingData" end time: Feb 05 02:58 FLE Standard Time
"TensorTesting.SettingData" time elapsed: 00:00:00
----------------------------------------------------------

2/4 Testing: TensorTesting.Comparising
2/4 Test: TensorTesting.Comparising
Command: "D:/dev/MLL/build/bin/my_test.exe" "--gtest_filter=TensorTesting.Comparising" "--gtest_also_run_disabled_tests"
Directory: D:/dev/MLL/build/test
"TensorTesting.Comparising" start time: Feb 05 02:58 FLE Standard Time
Output:
----------------------------------------------------------
Running main() from D:\dev\MLL\external\googletest\googletest\src\gtest_main.cc
Note: Google Test filter = TensorTesting.Comparising
[==========] Running 1 test from 1 test suite.
[----------] Global test environment set-up.
[----------] 1 test from TensorTesting
[ RUN      ] TensorTesting.Comparising
[       OK ] TensorTesting.Comparising (0 ms)
[----------] 1 test from TensorTesting (0 ms total)

[----------] Global test environment tear-down
[==========] 1 test from 1 test suite ran. (0 ms total)
[  PASSED  ] 1 test.
<end of output>
Test time =   0.00 sec
----------------------------------------------------------
Test Passed.
"TensorTesting.Comparising" end time: Feb 05 02:58 FLE Standard Time
"TensorTesting.Comparising" time elapsed: 00:00:00
----------------------------------------------------------

3/4 Testing: TensorTesting.TrivialAddition
3/4 Test: TensorTesting.TrivialAddition
Command: "D:/dev/MLL/build/bin/my_test.exe" "--gtest_filter=TensorTesting.TrivialAddition" "--gtest_also_run_disabled_tests"
Directory: D:/dev/MLL/build/test
"TensorTesting.TrivialAddition" start time: Feb 05 02:58 FLE Standard Time
Output:
----------------------------------------------------------
Running main() from D:\dev\MLL\external\googletest\googletest\src\gtest_main.cc
Note: Google Test filter = TensorTesting.TrivialAddition
[==========] Running 1 test from 1 test suite.
[----------] Global test environment set-up.
[----------] 1 test from TensorTesting
[ RUN      ] TensorTesting.TrivialAddition
[       OK ] TensorTesting.TrivialAddition (0 ms)
[----------] 1 test from TensorTesting (0 ms total)

[----------] Global test environment tear-down
[==========] 1 test from 1 test suite ran. (0 ms total)
[  PASSED  ] 1 test.
<end of output>
Test time =   0.01 sec
----------------------------------------------------------
Test Passed.
"TensorTesting.TrivialAddition" end time: Feb 05 02:58 FLE Standard Time
"TensorTesting.TrivialAddition" time elapsed: 00:00:00
----------------------------------------------------------

4/4 Testing: TensorTesting.TrivialSubtraction
4/4 Test: TensorTesting.TrivialSubtraction
Command: "D:/dev/MLL/build/bin/my_test.exe" "--gtest_filter=TensorTesting.TrivialSubtraction" "--gtest_also_run_disabled_tests"
Directory: D:/dev/MLL/build/test
"TensorTesting.TrivialSubtraction" start time: Feb 05 02:58 FLE Standard Time
Output:
----------------------------------------------------------
Running main() from D:\dev\MLL\external\googletest\googletest\src\gtest_main.cc
Note: Google Test filter = TensorTesting.TrivialSubtraction
[==========] Running 1 test from 1 test suite.
[----------] Global test environment set-up.
[----------] 1 test from TensorTesting
[ RUN      ] TensorTesting.TrivialSubtraction
[       OK ] TensorTesting.TrivialSubtraction (0 ms)
[----------] 1 test from TensorTesting (0 ms total)

[----------] Global test environment tear-down
[==========] 1 test from 1 test suite ran. (0 ms total)
[  PASSED  ] 1 test.
<end of output>
Test time =   0.00 sec
----------------------------------------------------------
Test Passed.
"TensorTesting.TrivialSubtraction" end time: Feb 05 02:58 FLE Standard Time
"TensorTesting.TrivialSubtraction" time elapsed: 00:00:00
----------------------------------------------------------

End testing: Feb 05 02:58 FLE Standard Time
